1567674458218	mozrunner::runner	INFO	Running command: "/Applications/Firefox.app/Contents/MacOS/firefox-bin" "-marionette" "-foreground" "-no-remote" "-profile" "/var/folders/zh/8vkj75lx46ngm7_htjz47ldm0000gn/T/rust_mozprofile.J9R4JFdimim5"
1567674459326	addons.webextension.screenshots@mozilla.org	WARN	Loading extension 'screenshots@mozilla.org': Reading manifest: Invalid extension permission: mozillaAddons
1567674459327	addons.webextension.screenshots@mozilla.org	WARN	Loading extension 'screenshots@mozilla.org': Reading manifest: Invalid extension permission: telemetry
1567674459327	addons.webextension.screenshots@mozilla.org	WARN	Loading extension 'screenshots@mozilla.org': Reading manifest: Invalid extension permission: resource://pdf.js/
1567674459327	addons.webextension.screenshots@mozilla.org	WARN	Loading extension 'screenshots@mozilla.org': Reading manifest: Invalid extension permission: about:reader*
1567674462052	Marionette	INFO	Listening on port 59928
1567674462128	Marionette	WARN	TLS certificate errors will be ignored for this session
JavaScript warning: http://app1.sfda.gov.cn/datasearch/face3/base.jsp?tableId=34&tableName=TABLE34&title=%D2%A9%C6%B7%C9%FA%B2%FA%C6%F3%D2%B5&bcId=118103348874362715907884020353, line 1: unreachable code after return statement
JavaScript warning: http://app1.sfda.gov.cn/datasearch/face3/base.jsp?tableId=34&tableName=TABLE34&title=%D2%A9%C6%B7%C9%FA%B2%FA%C6%F3%D2%B5&bcId=118103348874362715907884020353 line 6 > eval, line 1: unreachable code after return statement
JavaScript warning: http://app1.sfda.gov.cn/datasearch/face3/base.jsp?tableId=34&tableName=TABLE34&title=%D2%A9%C6%B7%C9%FA%B2%FA%C6%F3%D2%B5&bcId=118103348874362715907884020353 line 6 > eval, line 1: Error: WebGL warning: getParameter: pname: invalid enum value VERTEX_ATTRIB_ARRAY_DIVISOR
JavaScript warning: http://app1.sfda.gov.cn/datasearch/face3/base.jsp?tableId=34&tableName=TABLE34&title=%D2%A9%C6%B7%C9%FA%B2%FA%C6%F3%D2%B5&bcId=118103348874362715907884020353 line 6 > eval, line 1: Error: WebGL warning: getParameter: pname: invalid enum value MIN
JavaScript warning: http://app1.sfda.gov.cn/datasearch/face3/base.jsp?tableId=34&tableName=TABLE34&title=%D2%A9%C6%B7%C9%FA%B2%FA%C6%F3%D2%B5&bcId=118103348874362715907884020353 line 6 > eval, line 1: Error: WebGL warning: getParameter: pname: invalid enum value MAX
JavaScript warning: http://app1.sfda.gov.cn/datasearch/face3/base.jsp?tableId=34&tableName=TABLE34&title=%D2%A9%C6%B7%C9%FA%B2%FA%C6%F3%D2%B5&bcId=118103348874362715907884020353 line 6 > eval, line 1: Error: WebGL warning: getParameter: pname: invalid enum value RGBA16F
JavaScript warning: http://app1.sfda.gov.cn/datasearch/face3/base.jsp?tableId=34&tableName=TABLE34&title=%D2%A9%C6%B7%C9%FA%B2%FA%C6%F3%D2%B5&bcId=118103348874362715907884020353 line 6 > eval, line 1: Error: WebGL warning: getParameter: pname: invalid enum value RGB16F
JavaScript warning: http://app1.sfda.gov.cn/datasearch/face3/base.jsp?tableId=34&tableName=TABLE34&title=%D2%A9%C6%B7%C9%FA%B2%FA%C6%F3%D2%B5&bcId=118103348874362715907884020353 line 6 > eval, line 1: Error: WebGL warning: getParameter: pname: invalid enum value FRAMEBUFFER_ATTACHMENT_COMPONENT_TYPE
JavaScript warning: http://app1.sfda.gov.cn/datasearch/face3/base.jsp?tableId=34&tableName=TABLE34&title=%D2%A9%C6%B7%C9%FA%B2%FA%C6%F3%D2%B5&bcId=118103348874362715907884020353 line 6 > eval, line 1: Error: WebGL warning: getParameter: pname: invalid enum value UNSIGNED_NORMALIZED
JavaScript warning: http://app1.sfda.gov.cn/datasearch/face3/base.jsp?tableId=34&tableName=TABLE34&title=%D2%A9%C6%B7%C9%FA%B2%FA%C6%F3%D2%B5&bcId=118103348874362715907884020353 line 6 > eval, line 1: Error: WebGL warning: getParameter: pname: invalid enum value SRGB
JavaScript warning: http://app1.sfda.gov.cn/datasearch/face3/base.jsp?tableId=34&tableName=TABLE34&title=%D2%A9%C6%B7%C9%FA%B2%FA%C6%F3%D2%B5&bcId=118103348874362715907884020353 line 6 > eval, line 1: Error: WebGL warning: getParameter: pname: invalid enum value SRGB_ALPHA
JavaScript warning: http://app1.sfda.gov.cn/datasearch/face3/base.jsp?tableId=34&tableName=TABLE34&title=%D2%A9%C6%B7%C9%FA%B2%FA%C6%F3%D2%B5&bcId=118103348874362715907884020353 line 6 > eval, line 1: Error: WebGL warning: getParameter: pname: invalid enum value SRGB8_ALPHA8
JavaScript warning: http://app1.sfda.gov.cn/datasearch/face3/base.jsp?tableId=34&tableName=TABLE34&title=%D2%A9%C6%B7%C9%FA%B2%FA%C6%F3%D2%B5&bcId=118103348874362715907884020353 line 6 > eval, line 1: Error: WebGL warning: getParameter: pname: invalid enum value FRAMEBUFFER_ATTACHMENT_COLOR_ENCODING
JavaScript warning: http://app1.sfda.gov.cn/datasearch/face3/base.jsp?tableId=34&tableName=TABLE34&title=%D2%A9%C6%B7%C9%FA%B2%FA%C6%F3%D2%B5&bcId=118103348874362715907884020353 line 6 > eval, line 1: Error: WebGL warning: getParameter: pname: invalid enum value <enum 0x8dbb>
JavaScript warning: http://app1.sfda.gov.cn/datasearch/face3/base.jsp?tableId=34&tableName=TABLE34&title=%D2%A9%C6%B7%C9%FA%B2%FA%C6%F3%D2%B5&bcId=118103348874362715907884020353 line 6 > eval, line 1: Error: WebGL warning: getParameter: pname: invalid enum value <enum 0x8dbc>
JavaScript warning: http://app1.sfda.gov.cn/datasearch/face3/base.jsp?tableId=34&tableName=TABLE34&title=%D2%A9%C6%B7%C9%FA%B2%FA%C6%F3%D2%B5&bcId=118103348874362715907884020353 line 6 > eval, line 1: Error: WebGL warning: getParameter: pname: invalid enum value <enum 0x8dbd>
JavaScript warning: http://app1.sfda.gov.cn/datasearch/face3/base.jsp?tableId=34&tableName=TABLE34&title=%D2%A9%C6%B7%C9%FA%B2%FA%C6%F3%D2%B5&bcId=118103348874362715907884020353 line 6 > eval, line 1: Error: WebGL warning: getParameter: pname: invalid enum value <enum 0x8dbe>
JavaScript warning: http://app1.sfda.gov.cn/datasearch/face3/base.jsp?tableId=34&tableName=TABLE34&title=%D2%A9%C6%B7%C9%FA%B2%FA%C6%F3%D2%B5&bcId=118103348874362715907884020353 line 6 > eval, line 1: Error: WebGL warning: getParameter: pname: invalid enum value <enum 0x84fe>
JavaScript warning: http://app1.sfda.gov.cn/datasearch/face3/base.jsp?tableId=34&tableName=TABLE34&title=%D2%A9%C6%B7%C9%FA%B2%FA%C6%F3%D2%B5&bcId=118103348874362715907884020353 line 6 > eval, line 1: Error: WebGL warning: getParameter: pname: invalid enum value <enum 0x8d61>
JavaScript warning: http://app1.sfda.gov.cn/datasearch/face3/base.jsp?tableId=34&tableName=TABLE34&title=%D2%A9%C6%B7%C9%FA%B2%FA%C6%F3%D2%B5&bcId=118103348874362715907884020353 line 6 > eval, line 1: Error: WebGL warning: getParameter: pname: invalid enum value RGBA32F
JavaScript warning: http://app1.sfda.gov.cn/datasearch/face3/base.jsp?tableId=34&tableName=TABLE34&title=%D2%A9%C6%B7%C9%FA%B2%FA%C6%F3%D2%B5&bcId=118103348874362715907884020353 line 6 > eval, line 1: Error: WebGL warning: getParameter: pname: invalid enum value RGB32F
JavaScript warning: http://app1.sfda.gov.cn/datasearch/face3/base.jsp?tableId=34&tableName=TABLE34&title=%D2%A9%C6%B7%C9%FA%B2%FA%C6%F3%D2%B5&bcId=118103348874362715907884020353 line 6 > eval, line 1: Error: WebGL warning: getParameter: pname: invalid enum value FRAMEBUFFER_ATTACHMENT_COMPONENT_TYPE
JavaScript warning: http://app1.sfda.gov.cn/datasearch/face3/base.jsp?tableId=34&tableName=TABLE34&title=%D2%A9%C6%B7%C9%FA%B2%FA%C6%F3%D2%B5&bcId=118103348874362715907884020353 line 6 > eval, line 1: Error: WebGL warning: getParameter: pname: invalid enum value UNSIGNED_NORMALIZED
JavaScript warning: http://app1.sfda.gov.cn/datasearch/face3/base.jsp?tableId=34&tableName=TABLE34&title=%D2%A9%C6%B7%C9%FA%B2%FA%C6%F3%D2%B5&bcId=118103348874362715907884020353 line 6 > eval, line 1: Error: WebGL warning: getParameter: pname: invalid enum value COMPRESSED_RGB_S3TC_DXT1_EXT
JavaScript warning: http://app1.sfda.gov.cn/datasearch/face3/base.jsp?tableId=34&tableName=TABLE34&title=%D2%A9%C6%B7%C9%FA%B2%FA%C6%F3%D2%B5&bcId=118103348874362715907884020353 line 6 > eval, line 1: Error: WebGL warning: getParameter: pname: invalid enum value COMPRESSED_RGBA_S3TC_DXT1_EXT
JavaScript warning: http://app1.sfda.gov.cn/datasearch/face3/base.jsp?tableId=34&tableName=TABLE34&title=%D2%A9%C6%B7%C9%FA%B2%FA%C6%F3%D2%B5&bcId=118103348874362715907884020353 line 6 > eval, line 1: Error: WebGL warning: getParameter: pname: invalid enum value COMPRESSED_RGBA_S3TC_DXT3_EXT
JavaScript warning: http://app1.sfda.gov.cn/datasearch/face3/base.jsp?tableId=34&tableName=TABLE34&title=%D2%A9%C6%B7%C9%FA%B2%FA%C6%F3%D2%B5&bcId=118103348874362715907884020353 line 6 > eval, line 1: Error: WebGL warning: getParameter: pname: invalid enum value COMPRESSED_RGBA_S3TC_DXT5_EXT
JavaScript warning: http://app1.sfda.gov.cn/datasearch/face3/base.jsp?tableId=34&tableName=TABLE34&title=%D2%A9%C6%B7%C9%FA%B2%FA%C6%F3%D2%B5&bcId=118103348874362715907884020353 line 6 > eval, line 1: Error: WebGL warning: getParameter: pname: invalid enum value <enum 0x8c4c>
JavaScript warning: http://app1.sfda.gov.cn/datasearch/face3/base.jsp?tableId=34&tableName=TABLE34&title=%D2%A9%C6%B7%C9%FA%B2%FA%C6%F3%D2%B5&bcId=118103348874362715907884020353 line 6 > eval, line 1: Error: WebGL warning: getParameter: pname: invalid enum value <enum 0x8c4d>
JavaScript warning: http://app1.sfda.gov.cn/datasearch/face3/base.jsp?tableId=34&tableName=TABLE34&title=%D2%A9%C6%B7%C9%FA%B2%FA%C6%F3%D2%B5&bcId=118103348874362715907884020353 line 6 > eval, line 1: Error: WebGL warning: getParameter: pname: invalid enum value <enum 0x8c4e>
JavaScript warning: http://app1.sfda.gov.cn/datasearch/face3/base.jsp?tableId=34&tableName=TABLE34&title=%D2%A9%C6%B7%C9%FA%B2%FA%C6%F3%D2%B5&bcId=118103348874362715907884020353 line 6 > eval, line 1: Error: WebGL warning: getParameter: pname: invalid enum value <enum 0x8c4f>
JavaScript warning: http://app1.sfda.gov.cn/datasearch/face3/base.jsp?tableId=34&tableName=TABLE34&title=%D2%A9%C6%B7%C9%FA%B2%FA%C6%F3%D2%B5&bcId=118103348874362715907884020353 line 6 > eval, line 1: Error: WebGL warning: getParameter: pname: invalid enum value UNSIGNED_INT_24_8
JavaScript warning: http://app1.sfda.gov.cn/datasearch/face3/base.jsp?tableId=34&tableName=TABLE34&title=%D2%A9%C6%B7%C9%FA%B2%FA%C6%F3%D2%B5&bcId=118103348874362715907884020353 line 6 > eval, line 1: Error: WebGL warning: getParameter: pname: invalid enum value COLOR_ATTACHMENT0
JavaScript warning: http://app1.sfda.gov.cn/datasearch/face3/base.jsp?tableId=34&tableName=TABLE34&title=%D2%A9%C6%B7%C9%FA%B2%FA%C6%F3%D2%B5&bcId=118103348874362715907884020353 line 6 > eval, line 1: Error: WebGL warning: getParameter: pname: invalid enum value COLOR_ATTACHMENT1
JavaScript warning: http://app1.sfda.gov.cn/datasearch/face3/base.jsp?tableId=34&tableName=TABLE34&title=%D2%A9%C6%B7%C9%FA%B2%FA%C6%F3%D2%B5&bcId=118103348874362715907884020353 line 6 > eval, line 1: Error: WebGL: No further warnings will be reported for this WebGL context. (already reported 32 warnings)
JavaScript warning: http://app1.sfda.gov.cn/datasearch/face3/base.jsp?tableId=34&tableName=TABLE34&title=%D2%A9%C6%B7%C9%FA%B2%FA%C6%F3%D2%B5&bcId=118103348874362715907884020353, line 1: unreachable code after return statement
JavaScript warning: http://app1.sfda.gov.cn/datasearch/face3/base.jsp?tableId=34&tableName=TABLE34&title=%D2%A9%C6%B7%C9%FA%B2%FA%C6%F3%D2%B5&bcId=118103348874362715907884020353 line 38 > eval, line 1: unreachable code after return statement
1567674656482	mozrunner::runner	INFO	Running command: "/Applications/Firefox.app/Contents/MacOS/firefox-bin" "-marionette" "-foreground" "-no-remote" "-profile" "/var/folders/zh/8vkj75lx46ngm7_htjz47ldm0000gn/T/rust_mozprofile.whvTiuTIsmD9"
1567674657282	addons.webextension.screenshots@mozilla.org	WARN	Loading extension 'screenshots@mozilla.org': Reading manifest: Invalid extension permission: mozillaAddons
1567674657282	addons.webextension.screenshots@mozilla.org	WARN	Loading extension 'screenshots@mozilla.org': Reading manifest: Invalid extension permission: telemetry
1567674657282	addons.webextension.screenshots@mozilla.org	WARN	Loading extension 'screenshots@mozilla.org': Reading manifest: Invalid extension permission: resource://pdf.js/
1567674657282	addons.webextension.screenshots@mozilla.org	WARN	Loading extension 'screenshots@mozilla.org': Reading manifest: Invalid extension permission: about:reader*
1567674659747	Marionette	INFO	Listening on port 60066
1567674659790	Marionette	WARN	TLS certificate errors will be ignored for this session
JavaScript warning: http://app1.sfda.gov.cn/datasearch/face3/base.jsp?tableId=34&tableName=TABLE34&title=%D2%A9%C6%B7%C9%FA%B2%FA%C6%F3%D2%B5&bcId=118103348874362715907884020353, line 1: unreachable code after return statement
JavaScript warning: http://app1.sfda.gov.cn/datasearch/face3/base.jsp?tableId=34&tableName=TABLE34&title=%D2%A9%C6%B7%C9%FA%B2%FA%C6%F3%D2%B5&bcId=118103348874362715907884020353 line 6 > eval, line 1: unreachable code after return statement
JavaScript warning: http://app1.sfda.gov.cn/datasearch/face3/base.jsp?tableId=34&tableName=TABLE34&title=%D2%A9%C6%B7%C9%FA%B2%FA%C6%F3%D2%B5&bcId=118103348874362715907884020353 line 6 > eval, line 1: Error: WebGL warning: getParameter: pname: invalid enum value VERTEX_ATTRIB_ARRAY_DIVISOR
JavaScript warning: http://app1.sfda.gov.cn/datasearch/face3/base.jsp?tableId=34&tableName=TABLE34&title=%D2%A9%C6%B7%C9%FA%B2%FA%C6%F3%D2%B5&bcId=118103348874362715907884020353 line 6 > eval, line 1: Error: WebGL warning: getParameter: pname: invalid enum value MIN
JavaScript warning: http://app1.sfda.gov.cn/datasearch/face3/base.jsp?tableId=34&tableName=TABLE34&title=%D2%A9%C6%B7%C9%FA%B2%FA%C6%F3%D2%B5&bcId=118103348874362715907884020353 line 6 > eval, line 1: Error: WebGL warning: getParameter: pname: invalid enum value MAX
JavaScript warning: http://app1.sfda.gov.cn/datasearch/face3/base.jsp?tableId=34&tableName=TABLE34&title=%D2%A9%C6%B7%C9%FA%B2%FA%C6%F3%D2%B5&bcId=118103348874362715907884020353 line 6 > eval, line 1: Error: WebGL warning: getParameter: pname: invalid enum value RGBA16F
JavaScript warning: http://app1.sfda.gov.cn/datasearch/face3/base.jsp?tableId=34&tableName=TABLE34&title=%D2%A9%C6%B7%C9%FA%B2%FA%C6%F3%D2%B5&bcId=118103348874362715907884020353 line 6 > eval, line 1: Error: WebGL warning: getParameter: pname: invalid enum value RGB16F
JavaScript warning: http://app1.sfda.gov.cn/datasearch/face3/base.jsp?tableId=34&tableName=TABLE34&title=%D2%A9%C6%B7%C9%FA%B2%FA%C6%F3%D2%B5&bcId=118103348874362715907884020353 line 6 > eval, line 1: Error: WebGL warning: getParameter: pname: invalid enum value FRAMEBUFFER_ATTACHMENT_COMPONENT_TYPE
JavaScript warning: http://app1.sfda.gov.cn/datasearch/face3/base.jsp?tableId=34&tableName=TABLE34&title=%D2%A9%C6%B7%C9%FA%B2%FA%C6%F3%D2%B5&bcId=118103348874362715907884020353 line 6 > eval, line 1: Error: WebGL warning: getParameter: pname: invalid enum value UNSIGNED_NORMALIZED
JavaScript warning: http://app1.sfda.gov.cn/datasearch/face3/base.jsp?tableId=34&tableName=TABLE34&title=%D2%A9%C6%B7%C9%FA%B2%FA%C6%F3%D2%B5&bcId=118103348874362715907884020353 line 6 > eval, line 1: Error: WebGL warning: getParameter: pname: invalid enum value SRGB
JavaScript warning: http://app1.sfda.gov.cn/datasearch/face3/base.jsp?tableId=34&tableName=TABLE34&title=%D2%A9%C6%B7%C9%FA%B2%FA%C6%F3%D2%B5&bcId=118103348874362715907884020353 line 6 > eval, line 1: Error: WebGL warning: getParameter: pname: invalid enum value SRGB_ALPHA
JavaScript warning: http://app1.sfda.gov.cn/datasearch/face3/base.jsp?tableId=34&tableName=TABLE34&title=%D2%A9%C6%B7%C9%FA%B2%FA%C6%F3%D2%B5&bcId=118103348874362715907884020353 line 6 > eval, line 1: Error: WebGL warning: getParameter: pname: invalid enum value SRGB8_ALPHA8
JavaScript warning: http://app1.sfda.gov.cn/datasearch/face3/base.jsp?tableId=34&tableName=TABLE34&title=%D2%A9%C6%B7%C9%FA%B2%FA%C6%F3%D2%B5&bcId=118103348874362715907884020353 line 6 > eval, line 1: Error: WebGL warning: getParameter: pname: invalid enum value FRAMEBUFFER_ATTACHMENT_COLOR_ENCODING
JavaScript warning: http://app1.sfda.gov.cn/datasearch/face3/base.jsp?tableId=34&tableName=TABLE34&title=%D2%A9%C6%B7%C9%FA%B2%FA%C6%F3%D2%B5&bcId=118103348874362715907884020353 line 6 > eval, line 1: Error: WebGL warning: getParameter: pname: invalid enum value <enum 0x8dbb>
JavaScript warning: http://app1.sfda.gov.cn/datasearch/face3/base.jsp?tableId=34&tableName=TABLE34&title=%D2%A9%C6%B7%C9%FA%B2%FA%C6%F3%D2%B5&bcId=118103348874362715907884020353 line 6 > eval, line 1: Error: WebGL warning: getParameter: pname: invalid enum value <enum 0x8dbc>
JavaScript warning: http://app1.sfda.gov.cn/datasearch/face3/base.jsp?tableId=34&tableName=TABLE34&title=%D2%A9%C6%B7%C9%FA%B2%FA%C6%F3%D2%B5&bcId=118103348874362715907884020353 line 6 > eval, line 1: Error: WebGL warning: getParameter: pname: invalid enum value <enum 0x8dbd>
JavaScript warning: http://app1.sfda.gov.cn/datasearch/face3/base.jsp?tableId=34&tableName=TABLE34&title=%D2%A9%C6%B7%C9%FA%B2%FA%C6%F3%D2%B5&bcId=118103348874362715907884020353 line 6 > eval, line 1: Error: WebGL warning: getParameter: pname: invalid enum value <enum 0x8dbe>
JavaScript warning: http://app1.sfda.gov.cn/datasearch/face3/base.jsp?tableId=34&tableName=TABLE34&title=%D2%A9%C6%B7%C9%FA%B2%FA%C6%F3%D2%B5&bcId=118103348874362715907884020353 line 6 > eval, line 1: Error: WebGL warning: getParameter: pname: invalid enum value <enum 0x84fe>
JavaScript warning: http://app1.sfda.gov.cn/datasearch/face3/base.jsp?tableId=34&tableName=TABLE34&title=%D2%A9%C6%B7%C9%FA%B2%FA%C6%F3%D2%B5&bcId=118103348874362715907884020353 line 6 > eval, line 1: Error: WebGL warning: getParameter: pname: invalid enum value <enum 0x8d61>
JavaScript warning: http://app1.sfda.gov.cn/datasearch/face3/base.jsp?tableId=34&tableName=TABLE34&title=%D2%A9%C6%B7%C9%FA%B2%FA%C6%F3%D2%B5&bcId=118103348874362715907884020353 line 6 > eval, line 1: Error: WebGL warning: getParameter: pname: invalid enum value RGBA32F
JavaScript warning: http://app1.sfda.gov.cn/datasearch/face3/base.jsp?tableId=34&tableName=TABLE34&title=%D2%A9%C6%B7%C9%FA%B2%FA%C6%F3%D2%B5&bcId=118103348874362715907884020353 line 6 > eval, line 1: Error: WebGL warning: getParameter: pname: invalid enum value RGB32F
JavaScript warning: http://app1.sfda.gov.cn/datasearch/face3/base.jsp?tableId=34&tableName=TABLE34&title=%D2%A9%C6%B7%C9%FA%B2%FA%C6%F3%D2%B5&bcId=118103348874362715907884020353 line 6 > eval, line 1: Error: WebGL warning: getParameter: pname: invalid enum value FRAMEBUFFER_ATTACHMENT_COMPONENT_TYPE
JavaScript warning: http://app1.sfda.gov.cn/datasearch/face3/base.jsp?tableId=34&tableName=TABLE34&title=%D2%A9%C6%B7%C9%FA%B2%FA%C6%F3%D2%B5&bcId=118103348874362715907884020353 line 6 > eval, line 1: Error: WebGL warning: getParameter: pname: invalid enum value UNSIGNED_NORMALIZED
JavaScript warning: http://app1.sfda.gov.cn/datasearch/face3/base.jsp?tableId=34&tableName=TABLE34&title=%D2%A9%C6%B7%C9%FA%B2%FA%C6%F3%D2%B5&bcId=118103348874362715907884020353 line 6 > eval, line 1: Error: WebGL warning: getParameter: pname: invalid enum value COMPRESSED_RGB_S3TC_DXT1_EXT
JavaScript warning: http://app1.sfda.gov.cn/datasearch/face3/base.jsp?tableId=34&tableName=TABLE34&title=%D2%A9%C6%B7%C9%FA%B2%FA%C6%F3%D2%B5&bcId=118103348874362715907884020353 line 6 > eval, line 1: Error: WebGL warning: getParameter: pname: invalid enum value COMPRESSED_RGBA_S3TC_DXT1_EXT
JavaScript warning: http://app1.sfda.gov.cn/datasearch/face3/base.jsp?tableId=34&tableName=TABLE34&title=%D2%A9%C6%B7%C9%FA%B2%FA%C6%F3%D2%B5&bcId=118103348874362715907884020353 line 6 > eval, line 1: Error: WebGL warning: getParameter: pname: invalid enum value COMPRESSED_RGBA_S3TC_DXT3_EXT
JavaScript warning: http://app1.sfda.gov.cn/datasearch/face3/base.jsp?tableId=34&tableName=TABLE34&title=%D2%A9%C6%B7%C9%FA%B2%FA%C6%F3%D2%B5&bcId=118103348874362715907884020353 line 6 > eval, line 1: Error: WebGL warning: getParameter: pname: invalid enum value COMPRESSED_RGBA_S3TC_DXT5_EXT
JavaScript warning: http://app1.sfda.gov.cn/datasearch/face3/base.jsp?tableId=34&tableName=TABLE34&title=%D2%A9%C6%B7%C9%FA%B2%FA%C6%F3%D2%B5&bcId=118103348874362715907884020353 line 6 > eval, line 1: Error: WebGL warning: getParameter: pname: invalid enum value <enum 0x8c4c>
JavaScript warning: http://app1.sfda.gov.cn/datasearch/face3/base.jsp?tableId=34&tableName=TABLE34&title=%D2%A9%C6%B7%C9%FA%B2%FA%C6%F3%D2%B5&bcId=118103348874362715907884020353 line 6 > eval, line 1: Error: WebGL warning: getParameter: pname: invalid enum value <enum 0x8c4d>
JavaScript warning: http://app1.sfda.gov.cn/datasearch/face3/base.jsp?tableId=34&tableName=TABLE34&title=%D2%A9%C6%B7%C9%FA%B2%FA%C6%F3%D2%B5&bcId=118103348874362715907884020353 line 6 > eval, line 1: Error: WebGL warning: getParameter: pname: invalid enum value <enum 0x8c4e>
JavaScript warning: http://app1.sfda.gov.cn/datasearch/face3/base.jsp?tableId=34&tableName=TABLE34&title=%D2%A9%C6%B7%C9%FA%B2%FA%C6%F3%D2%B5&bcId=118103348874362715907884020353 line 6 > eval, line 1: Error: WebGL warning: getParameter: pname: invalid enum value <enum 0x8c4f>
JavaScript warning: http://app1.sfda.gov.cn/datasearch/face3/base.jsp?tableId=34&tableName=TABLE34&title=%D2%A9%C6%B7%C9%FA%B2%FA%C6%F3%D2%B5&bcId=118103348874362715907884020353 line 6 > eval, line 1: Error: WebGL warning: getParameter: pname: invalid enum value UNSIGNED_INT_24_8
JavaScript warning: http://app1.sfda.gov.cn/datasearch/face3/base.jsp?tableId=34&tableName=TABLE34&title=%D2%A9%C6%B7%C9%FA%B2%FA%C6%F3%D2%B5&bcId=118103348874362715907884020353 line 6 > eval, line 1: Error: WebGL warning: getParameter: pname: invalid enum value COLOR_ATTACHMENT0
JavaScript warning: http://app1.sfda.gov.cn/datasearch/face3/base.jsp?tableId=34&tableName=TABLE34&title=%D2%A9%C6%B7%C9%FA%B2%FA%C6%F3%D2%B5&bcId=118103348874362715907884020353 line 6 > eval, line 1: Error: WebGL warning: getParameter: pname: invalid enum value COLOR_ATTACHMENT1
JavaScript warning: http://app1.sfda.gov.cn/datasearch/face3/base.jsp?tableId=34&tableName=TABLE34&title=%D2%A9%C6%B7%C9%FA%B2%FA%C6%F3%D2%B5&bcId=118103348874362715907884020353 line 6 > eval, line 1: Error: WebGL: No further warnings will be reported for this WebGL context. (already reported 32 warnings)
JavaScript warning: http://app1.sfda.gov.cn/datasearch/face3/base.jsp?tableId=34&tableName=TABLE34&title=%D2%A9%C6%B7%C9%FA%B2%FA%C6%F3%D2%B5&bcId=118103348874362715907884020353, line 1: unreachable code after return statement
JavaScript warning: http://app1.sfda.gov.cn/datasearch/face3/base.jsp?tableId=34&tableName=TABLE34&title=%D2%A9%C6%B7%C9%FA%B2%FA%C6%F3%D2%B5&bcId=118103348874362715907884020353 line 38 > eval, line 1: unreachable code after return statement
JavaScript warning: http://app1.sfda.gov.cn/datasearch/face3/base.jsp?tableId=34&tableName=TABLE34&title=%D2%A9%C6%B7%C9%FA%B2%FA%C6%F3%D2%B5&bcId=118103348874362715907884020353 line 38 > eval, line 1: unreachable code after return statement
1567675218327	mozrunner::runner	INFO	Running command: "/Applications/Firefox.app/Contents/MacOS/firefox-bin" "-marionette" "-foreground" "-no-remote" "-profile" "/var/folders/zh/8vkj75lx46ngm7_htjz47ldm0000gn/T/rust_mozprofile.ZxvFefvvhp4G"
1567675219354	addons.webextension.screenshots@mozilla.org	WARN	Loading extension 'screenshots@mozilla.org': Reading manifest: Invalid extension permission: mozillaAddons
1567675219354	addons.webextension.screenshots@mozilla.org	WARN	Loading extension 'screenshots@mozilla.org': Reading manifest: Invalid extension permission: telemetry
1567675219354	addons.webextension.screenshots@mozilla.org	WARN	Loading extension 'screenshots@mozilla.org': Reading manifest: Invalid extension permission: resource://pdf.js/
1567675219354	addons.webextension.screenshots@mozilla.org	WARN	Loading extension 'screenshots@mozilla.org': Reading manifest: Invalid extension permission: about:reader*
JavaScript error: resource://devtools/server/actors/highlighters.js, line 291: TypeError: this._highlighter is null
1567675221438	Marionette	INFO	Stopped listening on port 59928
1567675222433	Marionette	INFO	Listening on port 60238
1567675222521	Marionette	WARN	TLS certificate errors will be ignored for this session
JavaScript warning: http://app1.sfda.gov.cn/datasearch/face3/base.jsp?tableId=34&tableName=TABLE34&title=%D2%A9%C6%B7%C9%FA%B2%FA%C6%F3%D2%B5&bcId=118103348874362715907884020353, line 1: unreachable code after return statement
JavaScript warning: http://app1.sfda.gov.cn/datasearch/face3/base.jsp?tableId=34&tableName=TABLE34&title=%D2%A9%C6%B7%C9%FA%B2%FA%C6%F3%D2%B5&bcId=118103348874362715907884020353 line 6 > eval, line 1: unreachable code after return statement
JavaScript warning: http://app1.sfda.gov.cn/datasearch/face3/base.jsp?tableId=34&tableName=TABLE34&title=%D2%A9%C6%B7%C9%FA%B2%FA%C6%F3%D2%B5&bcId=118103348874362715907884020353 line 6 > eval, line 1: Error: WebGL warning: getParameter: pname: invalid enum value VERTEX_ATTRIB_ARRAY_DIVISOR
JavaScript warning: http://app1.sfda.gov.cn/datasearch/face3/base.jsp?tableId=34&tableName=TABLE34&title=%D2%A9%C6%B7%C9%FA%B2%FA%C6%F3%D2%B5&bcId=118103348874362715907884020353 line 6 > eval, line 1: Error: WebGL warning: getParameter: pname: invalid enum value MIN
JavaScript warning: http://app1.sfda.gov.cn/datasearch/face3/base.jsp?tableId=34&tableName=TABLE34&title=%D2%A9%C6%B7%C9%FA%B2%FA%C6%F3%D2%B5&bcId=118103348874362715907884020353 line 6 > eval, line 1: Error: WebGL warning: getParameter: pname: invalid enum value MAX
JavaScript warning: http://app1.sfda.gov.cn/datasearch/face3/base.jsp?tableId=34&tableName=TABLE34&title=%D2%A9%C6%B7%C9%FA%B2%FA%C6%F3%D2%B5&bcId=118103348874362715907884020353 line 6 > eval, line 1: Error: WebGL warning: getParameter: pname: invalid enum value RGBA16F
JavaScript warning: http://app1.sfda.gov.cn/datasearch/face3/base.jsp?tableId=34&tableName=TABLE34&title=%D2%A9%C6%B7%C9%FA%B2%FA%C6%F3%D2%B5&bcId=118103348874362715907884020353 line 6 > eval, line 1: Error: WebGL warning: getParameter: pname: invalid enum value RGB16F
JavaScript warning: http://app1.sfda.gov.cn/datasearch/face3/base.jsp?tableId=34&tableName=TABLE34&title=%D2%A9%C6%B7%C9%FA%B2%FA%C6%F3%D2%B5&bcId=118103348874362715907884020353 line 6 > eval, line 1: Error: WebGL warning: getParameter: pname: invalid enum value FRAMEBUFFER_ATTACHMENT_COMPONENT_TYPE
JavaScript warning: http://app1.sfda.gov.cn/datasearch/face3/base.jsp?tableId=34&tableName=TABLE34&title=%D2%A9%C6%B7%C9%FA%B2%FA%C6%F3%D2%B5&bcId=118103348874362715907884020353 line 6 > eval, line 1: Error: WebGL warning: getParameter: pname: invalid enum value UNSIGNED_NORMALIZED
JavaScript warning: http://app1.sfda.gov.cn/datasearch/face3/base.jsp?tableId=34&tableName=TABLE34&title=%D2%A9%C6%B7%C9%FA%B2%FA%C6%F3%D2%B5&bcId=118103348874362715907884020353 line 6 > eval, line 1: Error: WebGL warning: getParameter: pname: invalid enum value SRGB
JavaScript warning: http://app1.sfda.gov.cn/datasearch/face3/base.jsp?tableId=34&tableName=TABLE34&title=%D2%A9%C6%B7%C9%FA%B2%FA%C6%F3%D2%B5&bcId=118103348874362715907884020353 line 6 > eval, line 1: Error: WebGL warning: getParameter: pname: invalid enum value SRGB_ALPHA
JavaScript warning: http://app1.sfda.gov.cn/datasearch/face3/base.jsp?tableId=34&tableName=TABLE34&title=%D2%A9%C6%B7%C9%FA%B2%FA%C6%F3%D2%B5&bcId=118103348874362715907884020353 line 6 > eval, line 1: Error: WebGL warning: getParameter: pname: invalid enum value SRGB8_ALPHA8
JavaScript warning: http://app1.sfda.gov.cn/datasearch/face3/base.jsp?tableId=34&tableName=TABLE34&title=%D2%A9%C6%B7%C9%FA%B2%FA%C6%F3%D2%B5&bcId=118103348874362715907884020353 line 6 > eval, line 1: Error: WebGL warning: getParameter: pname: invalid enum value FRAMEBUFFER_ATTACHMENT_COLOR_ENCODING
JavaScript warning: http://app1.sfda.gov.cn/datasearch/face3/base.jsp?tableId=34&tableName=TABLE34&title=%D2%A9%C6%B7%C9%FA%B2%FA%C6%F3%D2%B5&bcId=118103348874362715907884020353 line 6 > eval, line 1: Error: WebGL warning: getParameter: pname: invalid enum value <enum 0x8dbb>
JavaScript warning: http://app1.sfda.gov.cn/datasearch/face3/base.jsp?tableId=34&tableName=TABLE34&title=%D2%A9%C6%B7%C9%FA%B2%FA%C6%F3%D2%B5&bcId=118103348874362715907884020353 line 6 > eval, line 1: Error: WebGL warning: getParameter: pname: invalid enum value <enum 0x8dbc>
JavaScript warning: http://app1.sfda.gov.cn/datasearch/face3/base.jsp?tableId=34&tableName=TABLE34&title=%D2%A9%C6%B7%C9%FA%B2%FA%C6%F3%D2%B5&bcId=118103348874362715907884020353 line 6 > eval, line 1: Error: WebGL warning: getParameter: pname: invalid enum value <enum 0x8dbd>
JavaScript warning: http://app1.sfda.gov.cn/datasearch/face3/base.jsp?tableId=34&tableName=TABLE34&title=%D2%A9%C6%B7%C9%FA%B2%FA%C6%F3%D2%B5&bcId=118103348874362715907884020353 line 6 > eval, line 1: Error: WebGL warning: getParameter: pname: invalid enum value <enum 0x8dbe>
JavaScript warning: http://app1.sfda.gov.cn/datasearch/face3/base.jsp?tableId=34&tableName=TABLE34&title=%D2%A9%C6%B7%C9%FA%B2%FA%C6%F3%D2%B5&bcId=118103348874362715907884020353 line 6 > eval, line 1: Error: WebGL warning: getParameter: pname: invalid enum value <enum 0x84fe>
JavaScript warning: http://app1.sfda.gov.cn/datasearch/face3/base.jsp?tableId=34&tableName=TABLE34&title=%D2%A9%C6%B7%C9%FA%B2%FA%C6%F3%D2%B5&bcId=118103348874362715907884020353 line 6 > eval, line 1: Error: WebGL warning: getParameter: pname: invalid enum value <enum 0x8d61>
JavaScript warning: http://app1.sfda.gov.cn/datasearch/face3/base.jsp?tableId=34&tableName=TABLE34&title=%D2%A9%C6%B7%C9%FA%B2%FA%C6%F3%D2%B5&bcId=118103348874362715907884020353 line 6 > eval, line 1: Error: WebGL warning: getParameter: pname: invalid enum value RGBA32F
JavaScript warning: http://app1.sfda.gov.cn/datasearch/face3/base.jsp?tableId=34&tableName=TABLE34&title=%D2%A9%C6%B7%C9%FA%B2%FA%C6%F3%D2%B5&bcId=118103348874362715907884020353 line 6 > eval, line 1: Error: WebGL warning: getParameter: pname: invalid enum value RGB32F
JavaScript warning: http://app1.sfda.gov.cn/datasearch/face3/base.jsp?tableId=34&tableName=TABLE34&title=%D2%A9%C6%B7%C9%FA%B2%FA%C6%F3%D2%B5&bcId=118103348874362715907884020353 line 6 > eval, line 1: Error: WebGL warning: getParameter: pname: invalid enum value FRAMEBUFFER_ATTACHMENT_COMPONENT_TYPE
JavaScript warning: http://app1.sfda.gov.cn/datasearch/face3/base.jsp?tableId=34&tableName=TABLE34&title=%D2%A9%C6%B7%C9%FA%B2%FA%C6%F3%D2%B5&bcId=118103348874362715907884020353 line 6 > eval, line 1: Error: WebGL warning: getParameter: pname: invalid enum value UNSIGNED_NORMALIZED
JavaScript warning: http://app1.sfda.gov.cn/datasearch/face3/base.jsp?tableId=34&tableName=TABLE34&title=%D2%A9%C6%B7%C9%FA%B2%FA%C6%F3%D2%B5&bcId=118103348874362715907884020353 line 6 > eval, line 1: Error: WebGL warning: getParameter: pname: invalid enum value COMPRESSED_RGB_S3TC_DXT1_EXT
JavaScript warning: http://app1.sfda.gov.cn/datasearch/face3/base.jsp?tableId=34&tableName=TABLE34&title=%D2%A9%C6%B7%C9%FA%B2%FA%C6%F3%D2%B5&bcId=118103348874362715907884020353 line 6 > eval, line 1: Error: WebGL warning: getParameter: pname: invalid enum value COMPRESSED_RGBA_S3TC_DXT1_EXT
JavaScript warning: http://app1.sfda.gov.cn/datasearch/face3/base.jsp?tableId=34&tableName=TABLE34&title=%D2%A9%C6%B7%C9%FA%B2%FA%C6%F3%D2%B5&bcId=118103348874362715907884020353 line 6 > eval, line 1: Error: WebGL warning: getParameter: pname: invalid enum value COMPRESSED_RGBA_S3TC_DXT3_EXT
JavaScript warning: http://app1.sfda.gov.cn/datasearch/face3/base.jsp?tableId=34&tableName=TABLE34&title=%D2%A9%C6%B7%C9%FA%B2%FA%C6%F3%D2%B5&bcId=118103348874362715907884020353 line 6 > eval, line 1: Error: WebGL warning: getParameter: pname: invalid enum value COMPRESSED_RGBA_S3TC_DXT5_EXT
JavaScript warning: http://app1.sfda.gov.cn/datasearch/face3/base.jsp?tableId=34&tableName=TABLE34&title=%D2%A9%C6%B7%C9%FA%B2%FA%C6%F3%D2%B5&bcId=118103348874362715907884020353 line 6 > eval, line 1: Error: WebGL warning: getParameter: pname: invalid enum value <enum 0x8c4c>
JavaScript warning: http://app1.sfda.gov.cn/datasearch/face3/base.jsp?tableId=34&tableName=TABLE34&title=%D2%A9%C6%B7%C9%FA%B2%FA%C6%F3%D2%B5&bcId=118103348874362715907884020353 line 6 > eval, line 1: Error: WebGL warning: getParameter: pname: invalid enum value <enum 0x8c4d>
JavaScript warning: http://app1.sfda.gov.cn/datasearch/face3/base.jsp?tableId=34&tableName=TABLE34&title=%D2%A9%C6%B7%C9%FA%B2%FA%C6%F3%D2%B5&bcId=118103348874362715907884020353 line 6 > eval, line 1: Error: WebGL warning: getParameter: pname: invalid enum value <enum 0x8c4e>
JavaScript warning: http://app1.sfda.gov.cn/datasearch/face3/base.jsp?tableId=34&tableName=TABLE34&title=%D2%A9%C6%B7%C9%FA%B2%FA%C6%F3%D2%B5&bcId=118103348874362715907884020353 line 6 > eval, line 1: Error: WebGL warning: getParameter: pname: invalid enum value <enum 0x8c4f>
JavaScript warning: http://app1.sfda.gov.cn/datasearch/face3/base.jsp?tableId=34&tableName=TABLE34&title=%D2%A9%C6%B7%C9%FA%B2%FA%C6%F3%D2%B5&bcId=118103348874362715907884020353 line 6 > eval, line 1: Error: WebGL warning: getParameter: pname: invalid enum value UNSIGNED_INT_24_8
JavaScript warning: http://app1.sfda.gov.cn/datasearch/face3/base.jsp?tableId=34&tableName=TABLE34&title=%D2%A9%C6%B7%C9%FA%B2%FA%C6%F3%D2%B5&bcId=118103348874362715907884020353 line 6 > eval, line 1: Error: WebGL warning: getParameter: pname: invalid enum value COLOR_ATTACHMENT0
JavaScript warning: http://app1.sfda.gov.cn/datasearch/face3/base.jsp?tableId=34&tableName=TABLE34&title=%D2%A9%C6%B7%C9%FA%B2%FA%C6%F3%D2%B5&bcId=118103348874362715907884020353 line 6 > eval, line 1: Error: WebGL warning: getParameter: pname: invalid enum value COLOR_ATTACHMENT1
JavaScript warning: http://app1.sfda.gov.cn/datasearch/face3/base.jsp?tableId=34&tableName=TABLE34&title=%D2%A9%C6%B7%C9%FA%B2%FA%C6%F3%D2%B5&bcId=118103348874362715907884020353 line 6 > eval, line 1: Error: WebGL: No further warnings will be reported for this WebGL context. (already reported 32 warnings)
1567675223913	Marionette	INFO	Stopped listening on port 60066
JavaScript warning: http://app1.sfda.gov.cn/datasearch/face3/base.jsp?tableId=34&tableName=TABLE34&title=%D2%A9%C6%B7%C9%FA%B2%FA%C6%F3%D2%B5&bcId=118103348874362715907884020353, line 1: unreachable code after return statement
JavaScript warning: http://app1.sfda.gov.cn/datasearch/face3/base.jsp?tableId=34&tableName=TABLE34&title=%D2%A9%C6%B7%C9%FA%B2%FA%C6%F3%D2%B5&bcId=118103348874362715907884020353 line 38 > eval, line 1: unreachable code after return statement
JavaScript error: https://static-media-prod-cdn.itsre-sumo.mozilla.net/static/build/common-min.5594359fa3da.js, line 10: Error: Error retrieving geoip data
JavaScript error: https://static-media-prod-cdn.itsre-sumo.mozilla.net/static/build/common-min.5594359fa3da.js, line 10: Error: Error retrieving geoip data
JavaScript error: https://static-media-prod-cdn.itsre-sumo.mozilla.net/static/build/common-min.5594359fa3da.js, line 10: Error: Error retrieving geoip data
JavaScript error: https://ss1.bdstatic.com/5eN1bjq8AAUYm2zgoY3K/r/www/cache/static/protocol/https/plugins/every_cookie_mac_82990d4.js, line 4: ReferenceError: c is not defined
1567675598152	addons.xpi	WARN	Download of https://addons.mozilla.org/firefox/downloads/file/3395830/selenium_ide-3.12.3-fx.xpi?src=dp-btn-primary failed: 2152398919
JavaScript error: , line 0: Error: 
1567675652330	addons.webextension.<unknown>	WARN	Loading extension 'null': Reading manifest: Error processing permissions.8: Value "debugger" must either: must either [must either [be one of ["clipboardRead", "clipboardWrite", "geolocation", "idle", "notifications"], be one of ["bookmarks"], be one of ["find"], be one of ["history"], be one of ["menus.overrideContext"], be one of ["search"], be one of ["topSites"], be one of ["activeTab", "tabs", "tabHide"], be one of ["browserSettings"], be one of ["cookies"], be one of ["downloads", "downloads.open"], be one of ["webNavigation"], or be one of ["webRequest", "webRequestBlocking"]], be one of ["alarms", "mozillaAddons", "storage", "unlimitedStorage"], be one of ["browsingData"], be one of ["captivePortal"], be one of ["devtools"], be one of ["identity"], be one of ["menus", "contextMenus"], be one of ["normandyAddonStudy"], be one of ["pkcs11"], be one of ["geckoProfiler"], be one of ["sessions"], be one of ["urlbar"], be one of ["contextualIdentities"], be one of ["dns"], be one of ["management"], be one of ["networkStatus"], be one of ["privacy"], be one of ["proxy"], be one of ["nativeMessaging"], be one of ["telemetry"], be one of ["theme"], or match the pattern /^experiments(\.\w+)+$/], or must either [be one of ["<all_urls>"], must either [match the pattern /^(https?|wss?|file|ftp|\*):\/\/(\*|\*\.[^*/]+|[^*/]+)\/.*$/, or match the pattern /^file:\/\/\/.*$/], or match the pattern /^resource:\/\/(\*|\*\.[^*/]+|[^*/]+)\/.*$|^about:/]
1567675652333	addons.webextension.<unknown>	WARN	Loading extension 'null': Reading manifest: Error processing version_name: An unexpected property was found in the WebExtension manifest.
1567675652333	addons.webextension.<unknown>	WARN	Loading extension 'null': Reading manifest: Error processing externally_connectable: An unexpected property was found in the WebExtension manifest.
1567675655080	addons.webextension.{a6fd85ed-e919-4a43-a5af-8da18bda539f}	WARN	Loading extension '{a6fd85ed-e919-4a43-a5af-8da18bda539f}': Reading manifest: Error processing permissions.8: Value "debugger" must either: must either [must either [be one of ["clipboardRead", "clipboardWrite", "geolocation", "idle", "notifications"], be one of ["bookmarks"], be one of ["find"], be one of ["history"], be one of ["menus.overrideContext"], be one of ["search"], be one of ["topSites"], be one of ["activeTab", "tabs", "tabHide"], be one of ["browserSettings"], be one of ["cookies"], be one of ["downloads", "downloads.open"], be one of ["webNavigation"], or be one of ["webRequest", "webRequestBlocking"]], be one of ["alarms", "mozillaAddons", "storage", "unlimitedStorage"], be one of ["browsingData"], be one of ["captivePortal"], be one of ["devtools"], be one of ["identity"], be one of ["menus", "contextMenus"], be one of ["normandyAddonStudy"], be one of ["pkcs11"], be one of ["geckoProfiler"], be one of ["sessions"], be one of ["urlbar"], be one of ["contextualIdentities"], be one of ["dns"], be one of ["management"], be one of ["networkStatus"], be one of ["privacy"], be one of ["proxy"], be one of ["nativeMessaging"], be one of ["telemetry"], be one of ["theme"], or match the pattern /^experiments(\.\w+)+$/], or must either [be one of ["<all_urls>"], must either [match the pattern /^(https?|wss?|file|ftp|\*):\/\/(\*|\*\.[^*/]+|[^*/]+)\/.*$/, or match the pattern /^file:\/\/\/.*$/], or match the pattern /^resource:\/\/(\*|\*\.[^*/]+|[^*/]+)\/.*$|^about:/]
1567675655081	addons.webextension.{a6fd85ed-e919-4a43-a5af-8da18bda539f}	WARN	Loading extension '{a6fd85ed-e919-4a43-a5af-8da18bda539f}': Reading manifest: Error processing version_name: An unexpected property was found in the WebExtension manifest.
1567675655082	addons.webextension.{a6fd85ed-e919-4a43-a5af-8da18bda539f}	WARN	Loading extension '{a6fd85ed-e919-4a43-a5af-8da18bda539f}': Reading manifest: Error processing externally_connectable: An unexpected property was found in the WebExtension manifest.
1567675682257	addons.xpi	WARN	Download of https://addons.mozilla.org/firefox/downloads/file/3395830/selenium_ide-3.12.3-fx.xpi?src=dp-btn-primary failed: 2152398919
JavaScript warning: http://app1.sfda.gov.cn/datasearch/face3/base.jsp?tableId=34&tableName=TABLE34&title=%D2%A9%C6%B7%C9%FA%B2%FA%C6%F3%D2%B5&bcId=118103348874362715907884020353, line 1: unreachable code after return statement
JavaScript warning: http://app1.sfda.gov.cn/datasearch/face3/base.jsp?tableId=34&tableName=TABLE34&title=%D2%A9%C6%B7%C9%FA%B2%FA%C6%F3%D2%B5&bcId=118103348874362715907884020353 line 38 > eval, line 1: unreachable code after return statement
JavaScript warning: http://app1.sfda.gov.cn/datasearch/face3/base.jsp?tableId=34&tableName=TABLE34&title=%D2%A9%C6%B7%C9%FA%B2%FA%C6%F3%D2%B5&bcId=118103348874362715907884020353, line 1: unreachable code after return statement
JavaScript warning: http://app1.sfda.gov.cn/datasearch/face3/base.jsp?tableId=34&tableName=TABLE34&title=%D2%A9%C6%B7%C9%FA%B2%FA%C6%F3%D2%B5&bcId=118103348874362715907884020353 line 38 > eval, line 1: unreachable code after return statement
JavaScript error: moz-extension://73cb59ef-391d-cb4b-ae87-523cce4eb056/assets/neo.js, line 1: TypeError: this.currentRunningTest is undefined
JavaScript error: undefined, line 0: Error: Download canceled by the user
[Parent 48049, Gecko_IOThread] WARNING: pipe error: Broken pipe: file /builds/worker/workspace/build/src/ipc/chromium/src/chrome/common/ipc_channel_posix.cc, line 728
JavaScript warning: http://app1.sfda.gov.cn/datasearch/face3/base.jsp?tableId=34&tableName=TABLE34&title=%D2%A9%C6%B7%C9%FA%B2%FA%C6%F3%D2%B5&bcId=118103348874362715907884020353, line 1: unreachable code after return statement
JavaScript warning: http://app1.sfda.gov.cn/datasearch/face3/base.jsp?tableId=34&tableName=TABLE34&title=%D2%A9%C6%B7%C9%FA%B2%FA%C6%F3%D2%B5&bcId=118103348874362715907884020353 line 38 > eval, line 1: unreachable code after return statement
JavaScript error: moz-extension://73cb59ef-391d-cb4b-ae87-523cce4eb056/assets/neo.js, line 1: TypeError: this.currentRunningTest is undefined
JavaScript error: resource:///modules/UrlbarInput.jsm, line 235: TypeError: this._inputFieldEvents is undefined
objc[48049]: Class FIFinderSyncExtensionHost is implemented in both /System/Library/PrivateFrameworks/FinderKit.framework/Versions/A/FinderKit (0x7fffae4493d8) and /System/Library/PrivateFrameworks/FileProvider.framework/OverrideBundles/FinderSyncCollaborationFileProviderOverride.bundle/Contents/MacOS/FinderSyncCollaborationFileProviderOverride (0x139491f50). One of the two will be used. Which one is undefined.
JavaScript error: undefined, line 0: Error: Download canceled by the user
1567676993274	mozrunner::runner	INFO	Running command: "/Applications/Firefox.app/Contents/MacOS/firefox-bin" "-marionette" "-foreground" "-no-remote" "-profile" "/var/folders/zh/8vkj75lx46ngm7_htjz47ldm0000gn/T/rust_mozprofile.rV5tTV5I35uG"
1567676994306	addons.webextension.screenshots@mozilla.org	WARN	Loading extension 'screenshots@mozilla.org': Reading manifest: Invalid extension permission: mozillaAddons
1567676994306	addons.webextension.screenshots@mozilla.org	WARN	Loading extension 'screenshots@mozilla.org': Reading manifest: Invalid extension permission: telemetry
1567676994307	addons.webextension.screenshots@mozilla.org	WARN	Loading extension 'screenshots@mozilla.org': Reading manifest: Invalid extension permission: resource://pdf.js/
1567676994307	addons.webextension.screenshots@mozilla.org	WARN	Loading extension 'screenshots@mozilla.org': Reading manifest: Invalid extension permission: about:reader*
1567676996759	Marionette	INFO	Listening on port 61981
1567676996861	Marionette	WARN	TLS certificate errors will be ignored for this session
JavaScript warning: http://app1.sfda.gov.cn/datasearch/face3/base.jsp?tableId=34&tableName=TABLE34&title=%D2%A9%C6%B7%C9%FA%B2%FA%C6%F3%D2%B5&bcId=118103348874362715907884020353, line 1: unreachable code after return statement
JavaScript warning: http://app1.sfda.gov.cn/datasearch/face3/base.jsp?tableId=34&tableName=TABLE34&title=%D2%A9%C6%B7%C9%FA%B2%FA%C6%F3%D2%B5&bcId=118103348874362715907884020353 line 6 > eval, line 1: unreachable code after return statement
JavaScript warning: http://app1.sfda.gov.cn/datasearch/face3/base.jsp?tableId=34&tableName=TABLE34&title=%D2%A9%C6%B7%C9%FA%B2%FA%C6%F3%D2%B5&bcId=118103348874362715907884020353 line 6 > eval, line 1: Error: WebGL warning: getParameter: pname: invalid enum value VERTEX_ATTRIB_ARRAY_DIVISOR
JavaScript warning: http://app1.sfda.gov.cn/datasearch/face3/base.jsp?tableId=34&tableName=TABLE34&title=%D2%A9%C6%B7%C9%FA%B2%FA%C6%F3%D2%B5&bcId=118103348874362715907884020353 line 6 > eval, line 1: Error: WebGL warning: getParameter: pname: invalid enum value MIN
JavaScript warning: http://app1.sfda.gov.cn/datasearch/face3/base.jsp?tableId=34&tableName=TABLE34&title=%D2%A9%C6%B7%C9%FA%B2%FA%C6%F3%D2%B5&bcId=118103348874362715907884020353 line 6 > eval, line 1: Error: WebGL warning: getParameter: pname: invalid enum value MAX
JavaScript warning: http://app1.sfda.gov.cn/datasearch/face3/base.jsp?tableId=34&tableName=TABLE34&title=%D2%A9%C6%B7%C9%FA%B2%FA%C6%F3%D2%B5&bcId=118103348874362715907884020353 line 6 > eval, line 1: Error: WebGL warning: getParameter: pname: invalid enum value RGBA16F
JavaScript warning: http://app1.sfda.gov.cn/datasearch/face3/base.jsp?tableId=34&tableName=TABLE34&title=%D2%A9%C6%B7%C9%FA%B2%FA%C6%F3%D2%B5&bcId=118103348874362715907884020353 line 6 > eval, line 1: Error: WebGL warning: getParameter: pname: invalid enum value RGB16F
JavaScript warning: http://app1.sfda.gov.cn/datasearch/face3/base.jsp?tableId=34&tableName=TABLE34&title=%D2%A9%C6%B7%C9%FA%B2%FA%C6%F3%D2%B5&bcId=118103348874362715907884020353 line 6 > eval, line 1: Error: WebGL warning: getParameter: pname: invalid enum value FRAMEBUFFER_ATTACHMENT_COMPONENT_TYPE
JavaScript warning: http://app1.sfda.gov.cn/datasearch/face3/base.jsp?tableId=34&tableName=TABLE34&title=%D2%A9%C6%B7%C9%FA%B2%FA%C6%F3%D2%B5&bcId=118103348874362715907884020353 line 6 > eval, line 1: Error: WebGL warning: getParameter: pname: invalid enum value UNSIGNED_NORMALIZED
JavaScript warning: http://app1.sfda.gov.cn/datasearch/face3/base.jsp?tableId=34&tableName=TABLE34&title=%D2%A9%C6%B7%C9%FA%B2%FA%C6%F3%D2%B5&bcId=118103348874362715907884020353 line 6 > eval, line 1: Error: WebGL warning: getParameter: pname: invalid enum value SRGB
JavaScript warning: http://app1.sfda.gov.cn/datasearch/face3/base.jsp?tableId=34&tableName=TABLE34&title=%D2%A9%C6%B7%C9%FA%B2%FA%C6%F3%D2%B5&bcId=118103348874362715907884020353 line 6 > eval, line 1: Error: WebGL warning: getParameter: pname: invalid enum value SRGB_ALPHA
JavaScript warning: http://app1.sfda.gov.cn/datasearch/face3/base.jsp?tableId=34&tableName=TABLE34&title=%D2%A9%C6%B7%C9%FA%B2%FA%C6%F3%D2%B5&bcId=118103348874362715907884020353 line 6 > eval, line 1: Error: WebGL warning: getParameter: pname: invalid enum value SRGB8_ALPHA8
JavaScript warning: http://app1.sfda.gov.cn/datasearch/face3/base.jsp?tableId=34&tableName=TABLE34&title=%D2%A9%C6%B7%C9%FA%B2%FA%C6%F3%D2%B5&bcId=118103348874362715907884020353 line 6 > eval, line 1: Error: WebGL warning: getParameter: pname: invalid enum value FRAMEBUFFER_ATTACHMENT_COLOR_ENCODING
JavaScript warning: http://app1.sfda.gov.cn/datasearch/face3/base.jsp?tableId=34&tableName=TABLE34&title=%D2%A9%C6%B7%C9%FA%B2%FA%C6%F3%D2%B5&bcId=118103348874362715907884020353 line 6 > eval, line 1: Error: WebGL warning: getParameter: pname: invalid enum value <enum 0x8dbb>
JavaScript warning: http://app1.sfda.gov.cn/datasearch/face3/base.jsp?tableId=34&tableName=TABLE34&title=%D2%A9%C6%B7%C9%FA%B2%FA%C6%F3%D2%B5&bcId=118103348874362715907884020353 line 6 > eval, line 1: Error: WebGL warning: getParameter: pname: invalid enum value <enum 0x8dbc>
JavaScript warning: http://app1.sfda.gov.cn/datasearch/face3/base.jsp?tableId=34&tableName=TABLE34&title=%D2%A9%C6%B7%C9%FA%B2%FA%C6%F3%D2%B5&bcId=118103348874362715907884020353 line 6 > eval, line 1: Error: WebGL warning: getParameter: pname: invalid enum value <enum 0x8dbd>
JavaScript warning: http://app1.sfda.gov.cn/datasearch/face3/base.jsp?tableId=34&tableName=TABLE34&title=%D2%A9%C6%B7%C9%FA%B2%FA%C6%F3%D2%B5&bcId=118103348874362715907884020353 line 6 > eval, line 1: Error: WebGL warning: getParameter: pname: invalid enum value <enum 0x8dbe>
JavaScript warning: http://app1.sfda.gov.cn/datasearch/face3/base.jsp?tableId=34&tableName=TABLE34&title=%D2%A9%C6%B7%C9%FA%B2%FA%C6%F3%D2%B5&bcId=118103348874362715907884020353 line 6 > eval, line 1: Error: WebGL warning: getParameter: pname: invalid enum value <enum 0x84fe>
JavaScript warning: http://app1.sfda.gov.cn/datasearch/face3/base.jsp?tableId=34&tableName=TABLE34&title=%D2%A9%C6%B7%C9%FA%B2%FA%C6%F3%D2%B5&bcId=118103348874362715907884020353 line 6 > eval, line 1: Error: WebGL warning: getParameter: pname: invalid enum value <enum 0x8d61>
JavaScript warning: http://app1.sfda.gov.cn/datasearch/face3/base.jsp?tableId=34&tableName=TABLE34&title=%D2%A9%C6%B7%C9%FA%B2%FA%C6%F3%D2%B5&bcId=118103348874362715907884020353 line 6 > eval, line 1: Error: WebGL warning: getParameter: pname: invalid enum value RGBA32F
JavaScript warning: http://app1.sfda.gov.cn/datasearch/face3/base.jsp?tableId=34&tableName=TABLE34&title=%D2%A9%C6%B7%C9%FA%B2%FA%C6%F3%D2%B5&bcId=118103348874362715907884020353 line 6 > eval, line 1: Error: WebGL warning: getParameter: pname: invalid enum value RGB32F
JavaScript warning: http://app1.sfda.gov.cn/datasearch/face3/base.jsp?tableId=34&tableName=TABLE34&title=%D2%A9%C6%B7%C9%FA%B2%FA%C6%F3%D2%B5&bcId=118103348874362715907884020353 line 6 > eval, line 1: Error: WebGL warning: getParameter: pname: invalid enum value FRAMEBUFFER_ATTACHMENT_COMPONENT_TYPE
JavaScript warning: http://app1.sfda.gov.cn/datasearch/face3/base.jsp?tableId=34&tableName=TABLE34&title=%D2%A9%C6%B7%C9%FA%B2%FA%C6%F3%D2%B5&bcId=118103348874362715907884020353 line 6 > eval, line 1: Error: WebGL warning: getParameter: pname: invalid enum value UNSIGNED_NORMALIZED
JavaScript warning: http://app1.sfda.gov.cn/datasearch/face3/base.jsp?tableId=34&tableName=TABLE34&title=%D2%A9%C6%B7%C9%FA%B2%FA%C6%F3%D2%B5&bcId=118103348874362715907884020353 line 6 > eval, line 1: Error: WebGL warning: getParameter: pname: invalid enum value COMPRESSED_RGB_S3TC_DXT1_EXT
JavaScript warning: http://app1.sfda.gov.cn/datasearch/face3/base.jsp?tableId=34&tableName=TABLE34&title=%D2%A9%C6%B7%C9%FA%B2%FA%C6%F3%D2%B5&bcId=118103348874362715907884020353 line 6 > eval, line 1: Error: WebGL warning: getParameter: pname: invalid enum value COMPRESSED_RGBA_S3TC_DXT1_EXT
JavaScript warning: http://app1.sfda.gov.cn/datasearch/face3/base.jsp?tableId=34&tableName=TABLE34&title=%D2%A9%C6%B7%C9%FA%B2%FA%C6%F3%D2%B5&bcId=118103348874362715907884020353 line 6 > eval, line 1: Error: WebGL warning: getParameter: pname: invalid enum value COMPRESSED_RGBA_S3TC_DXT3_EXT
JavaScript warning: http://app1.sfda.gov.cn/datasearch/face3/base.jsp?tableId=34&tableName=TABLE34&title=%D2%A9%C6%B7%C9%FA%B2%FA%C6%F3%D2%B5&bcId=118103348874362715907884020353 line 6 > eval, line 1: Error: WebGL warning: getParameter: pname: invalid enum value COMPRESSED_RGBA_S3TC_DXT5_EXT
JavaScript warning: http://app1.sfda.gov.cn/datasearch/face3/base.jsp?tableId=34&tableName=TABLE34&title=%D2%A9%C6%B7%C9%FA%B2%FA%C6%F3%D2%B5&bcId=118103348874362715907884020353 line 6 > eval, line 1: Error: WebGL warning: getParameter: pname: invalid enum value <enum 0x8c4c>
JavaScript warning: http://app1.sfda.gov.cn/datasearch/face3/base.jsp?tableId=34&tableName=TABLE34&title=%D2%A9%C6%B7%C9%FA%B2%FA%C6%F3%D2%B5&bcId=118103348874362715907884020353 line 6 > eval, line 1: Error: WebGL warning: getParameter: pname: invalid enum value <enum 0x8c4d>
JavaScript warning: http://app1.sfda.gov.cn/datasearch/face3/base.jsp?tableId=34&tableName=TABLE34&title=%D2%A9%C6%B7%C9%FA%B2%FA%C6%F3%D2%B5&bcId=118103348874362715907884020353 line 6 > eval, line 1: Error: WebGL warning: getParameter: pname: invalid enum value <enum 0x8c4e>
JavaScript warning: http://app1.sfda.gov.cn/datasearch/face3/base.jsp?tableId=34&tableName=TABLE34&title=%D2%A9%C6%B7%C9%FA%B2%FA%C6%F3%D2%B5&bcId=118103348874362715907884020353 line 6 > eval, line 1: Error: WebGL warning: getParameter: pname: invalid enum value <enum 0x8c4f>
JavaScript warning: http://app1.sfda.gov.cn/datasearch/face3/base.jsp?tableId=34&tableName=TABLE34&title=%D2%A9%C6%B7%C9%FA%B2%FA%C6%F3%D2%B5&bcId=118103348874362715907884020353 line 6 > eval, line 1: Error: WebGL warning: getParameter: pname: invalid enum value UNSIGNED_INT_24_8
JavaScript warning: http://app1.sfda.gov.cn/datasearch/face3/base.jsp?tableId=34&tableName=TABLE34&title=%D2%A9%C6%B7%C9%FA%B2%FA%C6%F3%D2%B5&bcId=118103348874362715907884020353 line 6 > eval, line 1: Error: WebGL warning: getParameter: pname: invalid enum value COLOR_ATTACHMENT0
JavaScript warning: http://app1.sfda.gov.cn/datasearch/face3/base.jsp?tableId=34&tableName=TABLE34&title=%D2%A9%C6%B7%C9%FA%B2%FA%C6%F3%D2%B5&bcId=118103348874362715907884020353 line 6 > eval, line 1: Error: WebGL warning: getParameter: pname: invalid enum value COLOR_ATTACHMENT1
JavaScript warning: http://app1.sfda.gov.cn/datasearch/face3/base.jsp?tableId=34&tableName=TABLE34&title=%D2%A9%C6%B7%C9%FA%B2%FA%C6%F3%D2%B5&bcId=118103348874362715907884020353 line 6 > eval, line 1: Error: WebGL: No further warnings will be reported for this WebGL context. (already reported 32 warnings)
JavaScript warning: http://app1.sfda.gov.cn/datasearch/face3/base.jsp?tableId=34&tableName=TABLE34&title=%D2%A9%C6%B7%C9%FA%B2%FA%C6%F3%D2%B5&bcId=118103348874362715907884020353, line 1: unreachable code after return statement
JavaScript warning: http://app1.sfda.gov.cn/datasearch/face3/base.jsp?tableId=34&tableName=TABLE34&title=%D2%A9%C6%B7%C9%FA%B2%FA%C6%F3%D2%B5&bcId=118103348874362715907884020353 line 38 > eval, line 1: unreachable code after return statement
1567677158979	mozrunner::runner	INFO	Running command: "/Applications/Firefox.app/Contents/MacOS/firefox-bin" "-marionette" "-foreground" "-no-remote" "-profile" "/var/folders/zh/8vkj75lx46ngm7_htjz47ldm0000gn/T/rust_mozprofile.oJ7Z0HKbusdI"
1567677159969	addons.webextension.screenshots@mozilla.org	WARN	Loading extension 'screenshots@mozilla.org': Reading manifest: Invalid extension permission: mozillaAddons
1567677159969	addons.webextension.screenshots@mozilla.org	WARN	Loading extension 'screenshots@mozilla.org': Reading manifest: Invalid extension permission: telemetry
1567677159969	addons.webextension.screenshots@mozilla.org	WARN	Loading extension 'screenshots@mozilla.org': Reading manifest: Invalid extension permission: resource://pdf.js/
1567677159970	addons.webextension.screenshots@mozilla.org	WARN	Loading extension 'screenshots@mozilla.org': Reading manifest: Invalid extension permission: about:reader*
1567677163364	Marionette	INFO	Listening on port 62155
1567677163425	Marionette	WARN	TLS certificate errors will be ignored for this session
JavaScript warning: http://app1.sfda.gov.cn/datasearch/face3/base.jsp?tableId=34&tableName=TABLE34&title=%D2%A9%C6%B7%C9%FA%B2%FA%C6%F3%D2%B5&bcId=118103348874362715907884020353, line 1: unreachable code after return statement
JavaScript warning: http://app1.sfda.gov.cn/datasearch/face3/base.jsp?tableId=34&tableName=TABLE34&title=%D2%A9%C6%B7%C9%FA%B2%FA%C6%F3%D2%B5&bcId=118103348874362715907884020353 line 6 > eval, line 1: unreachable code after return statement
JavaScript warning: http://app1.sfda.gov.cn/datasearch/face3/base.jsp?tableId=34&tableName=TABLE34&title=%D2%A9%C6%B7%C9%FA%B2%FA%C6%F3%D2%B5&bcId=118103348874362715907884020353 line 6 > eval, line 1: Error: WebGL warning: getParameter: pname: invalid enum value VERTEX_ATTRIB_ARRAY_DIVISOR
JavaScript warning: http://app1.sfda.gov.cn/datasearch/face3/base.jsp?tableId=34&tableName=TABLE34&title=%D2%A9%C6%B7%C9%FA%B2%FA%C6%F3%D2%B5&bcId=118103348874362715907884020353 line 6 > eval, line 1: Error: WebGL warning: getParameter: pname: invalid enum value MIN
JavaScript warning: http://app1.sfda.gov.cn/datasearch/face3/base.jsp?tableId=34&tableName=TABLE34&title=%D2%A9%C6%B7%C9%FA%B2%FA%C6%F3%D2%B5&bcId=118103348874362715907884020353 line 6 > eval, line 1: Error: WebGL warning: getParameter: pname: invalid enum value MAX
JavaScript warning: http://app1.sfda.gov.cn/datasearch/face3/base.jsp?tableId=34&tableName=TABLE34&title=%D2%A9%C6%B7%C9%FA%B2%FA%C6%F3%D2%B5&bcId=118103348874362715907884020353 line 6 > eval, line 1: Error: WebGL warning: getParameter: pname: invalid enum value RGBA16F
JavaScript warning: http://app1.sfda.gov.cn/datasearch/face3/base.jsp?tableId=34&tableName=TABLE34&title=%D2%A9%C6%B7%C9%FA%B2%FA%C6%F3%D2%B5&bcId=118103348874362715907884020353 line 6 > eval, line 1: Error: WebGL warning: getParameter: pname: invalid enum value RGB16F
JavaScript warning: http://app1.sfda.gov.cn/datasearch/face3/base.jsp?tableId=34&tableName=TABLE34&title=%D2%A9%C6%B7%C9%FA%B2%FA%C6%F3%D2%B5&bcId=118103348874362715907884020353 line 6 > eval, line 1: Error: WebGL warning: getParameter: pname: invalid enum value FRAMEBUFFER_ATTACHMENT_COMPONENT_TYPE
JavaScript warning: http://app1.sfda.gov.cn/datasearch/face3/base.jsp?tableId=34&tableName=TABLE34&title=%D2%A9%C6%B7%C9%FA%B2%FA%C6%F3%D2%B5&bcId=118103348874362715907884020353 line 6 > eval, line 1: Error: WebGL warning: getParameter: pname: invalid enum value UNSIGNED_NORMALIZED
JavaScript warning: http://app1.sfda.gov.cn/datasearch/face3/base.jsp?tableId=34&tableName=TABLE34&title=%D2%A9%C6%B7%C9%FA%B2%FA%C6%F3%D2%B5&bcId=118103348874362715907884020353 line 6 > eval, line 1: Error: WebGL warning: getParameter: pname: invalid enum value SRGB
JavaScript warning: http://app1.sfda.gov.cn/datasearch/face3/base.jsp?tableId=34&tableName=TABLE34&title=%D2%A9%C6%B7%C9%FA%B2%FA%C6%F3%D2%B5&bcId=118103348874362715907884020353 line 6 > eval, line 1: Error: WebGL warning: getParameter: pname: invalid enum value SRGB_ALPHA
JavaScript warning: http://app1.sfda.gov.cn/datasearch/face3/base.jsp?tableId=34&tableName=TABLE34&title=%D2%A9%C6%B7%C9%FA%B2%FA%C6%F3%D2%B5&bcId=118103348874362715907884020353 line 6 > eval, line 1: Error: WebGL warning: getParameter: pname: invalid enum value SRGB8_ALPHA8
JavaScript warning: http://app1.sfda.gov.cn/datasearch/face3/base.jsp?tableId=34&tableName=TABLE34&title=%D2%A9%C6%B7%C9%FA%B2%FA%C6%F3%D2%B5&bcId=118103348874362715907884020353 line 6 > eval, line 1: Error: WebGL warning: getParameter: pname: invalid enum value FRAMEBUFFER_ATTACHMENT_COLOR_ENCODING
JavaScript warning: http://app1.sfda.gov.cn/datasearch/face3/base.jsp?tableId=34&tableName=TABLE34&title=%D2%A9%C6%B7%C9%FA%B2%FA%C6%F3%D2%B5&bcId=118103348874362715907884020353 line 6 > eval, line 1: Error: WebGL warning: getParameter: pname: invalid enum value <enum 0x8dbb>
JavaScript warning: http://app1.sfda.gov.cn/datasearch/face3/base.jsp?tableId=34&tableName=TABLE34&title=%D2%A9%C6%B7%C9%FA%B2%FA%C6%F3%D2%B5&bcId=118103348874362715907884020353 line 6 > eval, line 1: Error: WebGL warning: getParameter: pname: invalid enum value <enum 0x8dbc>
JavaScript warning: http://app1.sfda.gov.cn/datasearch/face3/base.jsp?tableId=34&tableName=TABLE34&title=%D2%A9%C6%B7%C9%FA%B2%FA%C6%F3%D2%B5&bcId=118103348874362715907884020353 line 6 > eval, line 1: Error: WebGL warning: getParameter: pname: invalid enum value <enum 0x8dbd>
JavaScript warning: http://app1.sfda.gov.cn/datasearch/face3/base.jsp?tableId=34&tableName=TABLE34&title=%D2%A9%C6%B7%C9%FA%B2%FA%C6%F3%D2%B5&bcId=118103348874362715907884020353 line 6 > eval, line 1: Error: WebGL warning: getParameter: pname: invalid enum value <enum 0x8dbe>
JavaScript warning: http://app1.sfda.gov.cn/datasearch/face3/base.jsp?tableId=34&tableName=TABLE34&title=%D2%A9%C6%B7%C9%FA%B2%FA%C6%F3%D2%B5&bcId=118103348874362715907884020353 line 6 > eval, line 1: Error: WebGL warning: getParameter: pname: invalid enum value <enum 0x84fe>
JavaScript warning: http://app1.sfda.gov.cn/datasearch/face3/base.jsp?tableId=34&tableName=TABLE34&title=%D2%A9%C6%B7%C9%FA%B2%FA%C6%F3%D2%B5&bcId=118103348874362715907884020353 line 6 > eval, line 1: Error: WebGL warning: getParameter: pname: invalid enum value <enum 0x8d61>
JavaScript warning: http://app1.sfda.gov.cn/datasearch/face3/base.jsp?tableId=34&tableName=TABLE34&title=%D2%A9%C6%B7%C9%FA%B2%FA%C6%F3%D2%B5&bcId=118103348874362715907884020353 line 6 > eval, line 1: Error: WebGL warning: getParameter: pname: invalid enum value RGBA32F
JavaScript warning: http://app1.sfda.gov.cn/datasearch/face3/base.jsp?tableId=34&tableName=TABLE34&title=%D2%A9%C6%B7%C9%FA%B2%FA%C6%F3%D2%B5&bcId=118103348874362715907884020353 line 6 > eval, line 1: Error: WebGL warning: getParameter: pname: invalid enum value RGB32F
JavaScript warning: http://app1.sfda.gov.cn/datasearch/face3/base.jsp?tableId=34&tableName=TABLE34&title=%D2%A9%C6%B7%C9%FA%B2%FA%C6%F3%D2%B5&bcId=118103348874362715907884020353 line 6 > eval, line 1: Error: WebGL warning: getParameter: pname: invalid enum value FRAMEBUFFER_ATTACHMENT_COMPONENT_TYPE
JavaScript warning: http://app1.sfda.gov.cn/datasearch/face3/base.jsp?tableId=34&tableName=TABLE34&title=%D2%A9%C6%B7%C9%FA%B2%FA%C6%F3%D2%B5&bcId=118103348874362715907884020353 line 6 > eval, line 1: Error: WebGL warning: getParameter: pname: invalid enum value UNSIGNED_NORMALIZED
JavaScript warning: http://app1.sfda.gov.cn/datasearch/face3/base.jsp?tableId=34&tableName=TABLE34&title=%D2%A9%C6%B7%C9%FA%B2%FA%C6%F3%D2%B5&bcId=118103348874362715907884020353 line 6 > eval, line 1: Error: WebGL warning: getParameter: pname: invalid enum value COMPRESSED_RGB_S3TC_DXT1_EXT
JavaScript warning: http://app1.sfda.gov.cn/datasearch/face3/base.jsp?tableId=34&tableName=TABLE34&title=%D2%A9%C6%B7%C9%FA%B2%FA%C6%F3%D2%B5&bcId=118103348874362715907884020353 line 6 > eval, line 1: Error: WebGL warning: getParameter: pname: invalid enum value COMPRESSED_RGBA_S3TC_DXT1_EXT
JavaScript warning: http://app1.sfda.gov.cn/datasearch/face3/base.jsp?tableId=34&tableName=TABLE34&title=%D2%A9%C6%B7%C9%FA%B2%FA%C6%F3%D2%B5&bcId=118103348874362715907884020353 line 6 > eval, line 1: Error: WebGL warning: getParameter: pname: invalid enum value COMPRESSED_RGBA_S3TC_DXT3_EXT
JavaScript warning: http://app1.sfda.gov.cn/datasearch/face3/base.jsp?tableId=34&tableName=TABLE34&title=%D2%A9%C6%B7%C9%FA%B2%FA%C6%F3%D2%B5&bcId=118103348874362715907884020353 line 6 > eval, line 1: Error: WebGL warning: getParameter: pname: invalid enum value COMPRESSED_RGBA_S3TC_DXT5_EXT
JavaScript warning: http://app1.sfda.gov.cn/datasearch/face3/base.jsp?tableId=34&tableName=TABLE34&title=%D2%A9%C6%B7%C9%FA%B2%FA%C6%F3%D2%B5&bcId=118103348874362715907884020353 line 6 > eval, line 1: Error: WebGL warning: getParameter: pname: invalid enum value <enum 0x8c4c>
JavaScript warning: http://app1.sfda.gov.cn/datasearch/face3/base.jsp?tableId=34&tableName=TABLE34&title=%D2%A9%C6%B7%C9%FA%B2%FA%C6%F3%D2%B5&bcId=118103348874362715907884020353 line 6 > eval, line 1: Error: WebGL warning: getParameter: pname: invalid enum value <enum 0x8c4d>
JavaScript warning: http://app1.sfda.gov.cn/datasearch/face3/base.jsp?tableId=34&tableName=TABLE34&title=%D2%A9%C6%B7%C9%FA%B2%FA%C6%F3%D2%B5&bcId=118103348874362715907884020353 line 6 > eval, line 1: Error: WebGL warning: getParameter: pname: invalid enum value <enum 0x8c4e>
JavaScript warning: http://app1.sfda.gov.cn/datasearch/face3/base.jsp?tableId=34&tableName=TABLE34&title=%D2%A9%C6%B7%C9%FA%B2%FA%C6%F3%D2%B5&bcId=118103348874362715907884020353 line 6 > eval, line 1: Error: WebGL warning: getParameter: pname: invalid enum value <enum 0x8c4f>
JavaScript warning: http://app1.sfda.gov.cn/datasearch/face3/base.jsp?tableId=34&tableName=TABLE34&title=%D2%A9%C6%B7%C9%FA%B2%FA%C6%F3%D2%B5&bcId=118103348874362715907884020353 line 6 > eval, line 1: Error: WebGL warning: getParameter: pname: invalid enum value UNSIGNED_INT_24_8
JavaScript warning: http://app1.sfda.gov.cn/datasearch/face3/base.jsp?tableId=34&tableName=TABLE34&title=%D2%A9%C6%B7%C9%FA%B2%FA%C6%F3%D2%B5&bcId=118103348874362715907884020353 line 6 > eval, line 1: Error: WebGL warning: getParameter: pname: invalid enum value COLOR_ATTACHMENT0
JavaScript warning: http://app1.sfda.gov.cn/datasearch/face3/base.jsp?tableId=34&tableName=TABLE34&title=%D2%A9%C6%B7%C9%FA%B2%FA%C6%F3%D2%B5&bcId=118103348874362715907884020353 line 6 > eval, line 1: Error: WebGL warning: getParameter: pname: invalid enum value COLOR_ATTACHMENT1
JavaScript warning: http://app1.sfda.gov.cn/datasearch/face3/base.jsp?tableId=34&tableName=TABLE34&title=%D2%A9%C6%B7%C9%FA%B2%FA%C6%F3%D2%B5&bcId=118103348874362715907884020353 line 6 > eval, line 1: Error: WebGL: No further warnings will be reported for this WebGL context. (already reported 32 warnings)
JavaScript warning: http://app1.sfda.gov.cn/datasearch/face3/base.jsp?tableId=34&tableName=TABLE34&title=%D2%A9%C6%B7%C9%FA%B2%FA%C6%F3%D2%B5&bcId=118103348874362715907884020353, line 1: unreachable code after return statement
JavaScript warning: http://app1.sfda.gov.cn/datasearch/face3/base.jsp?tableId=34&tableName=TABLE34&title=%D2%A9%C6%B7%C9%FA%B2%FA%C6%F3%D2%B5&bcId=118103348874362715907884020353 line 38 > eval, line 1: unreachable code after return statement
1567677178157	Marionette	INFO	Stopped listening on port 61981
JavaScript error: resource:///modules/UrlbarInput.jsm, line 235: TypeError: this._inputFieldEvents is undefined
1567677179807	Marionette	INFO	Stopped listening on port 60238
1567677182907	Marionette	INFO	Stopped listening on port 62155
1567677185838	mozrunner::runner	INFO	Running command: "/Applications/Firefox.app/Contents/MacOS/firefox-bin" "-marionette" "-foreground" "-no-remote" "-profile" "/var/folders/zh/8vkj75lx46ngm7_htjz47ldm0000gn/T/rust_mozprofile.dUoiZOivLzpk"
1567677186633	addons.webextension.screenshots@mozilla.org	WARN	Loading extension 'screenshots@mozilla.org': Reading manifest: Invalid extension permission: mozillaAddons
1567677186633	addons.webextension.screenshots@mozilla.org	WARN	Loading extension 'screenshots@mozilla.org': Reading manifest: Invalid extension permission: telemetry
1567677186634	addons.webextension.screenshots@mozilla.org	WARN	Loading extension 'screenshots@mozilla.org': Reading manifest: Invalid extension permission: resource://pdf.js/
1567677186634	addons.webextension.screenshots@mozilla.org	WARN	Loading extension 'screenshots@mozilla.org': Reading manifest: Invalid extension permission: about:reader*
1567677188823	Marionette	INFO	Listening on port 62261
1567677188868	Marionette	WARN	TLS certificate errors will be ignored for this session
JavaScript warning: http://app1.sfda.gov.cn/datasearch/face3/base.jsp?tableId=34&tableName=TABLE34&title=%D2%A9%C6%B7%C9%FA%B2%FA%C6%F3%D2%B5&bcId=118103348874362715907884020353, line 1: unreachable code after return statement
JavaScript warning: http://app1.sfda.gov.cn/datasearch/face3/base.jsp?tableId=34&tableName=TABLE34&title=%D2%A9%C6%B7%C9%FA%B2%FA%C6%F3%D2%B5&bcId=118103348874362715907884020353 line 6 > eval, line 1: unreachable code after return statement
JavaScript warning: http://app1.sfda.gov.cn/datasearch/face3/base.jsp?tableId=34&tableName=TABLE34&title=%D2%A9%C6%B7%C9%FA%B2%FA%C6%F3%D2%B5&bcId=118103348874362715907884020353 line 6 > eval, line 1: Error: WebGL warning: getParameter: pname: invalid enum value VERTEX_ATTRIB_ARRAY_DIVISOR
JavaScript warning: http://app1.sfda.gov.cn/datasearch/face3/base.jsp?tableId=34&tableName=TABLE34&title=%D2%A9%C6%B7%C9%FA%B2%FA%C6%F3%D2%B5&bcId=118103348874362715907884020353 line 6 > eval, line 1: Error: WebGL warning: getParameter: pname: invalid enum value MIN
JavaScript warning: http://app1.sfda.gov.cn/datasearch/face3/base.jsp?tableId=34&tableName=TABLE34&title=%D2%A9%C6%B7%C9%FA%B2%FA%C6%F3%D2%B5&bcId=118103348874362715907884020353 line 6 > eval, line 1: Error: WebGL warning: getParameter: pname: invalid enum value MAX
JavaScript warning: http://app1.sfda.gov.cn/datasearch/face3/base.jsp?tableId=34&tableName=TABLE34&title=%D2%A9%C6%B7%C9%FA%B2%FA%C6%F3%D2%B5&bcId=118103348874362715907884020353 line 6 > eval, line 1: Error: WebGL warning: getParameter: pname: invalid enum value RGBA16F
JavaScript warning: http://app1.sfda.gov.cn/datasearch/face3/base.jsp?tableId=34&tableName=TABLE34&title=%D2%A9%C6%B7%C9%FA%B2%FA%C6%F3%D2%B5&bcId=118103348874362715907884020353 line 6 > eval, line 1: Error: WebGL warning: getParameter: pname: invalid enum value RGB16F
JavaScript warning: http://app1.sfda.gov.cn/datasearch/face3/base.jsp?tableId=34&tableName=TABLE34&title=%D2%A9%C6%B7%C9%FA%B2%FA%C6%F3%D2%B5&bcId=118103348874362715907884020353 line 6 > eval, line 1: Error: WebGL warning: getParameter: pname: invalid enum value FRAMEBUFFER_ATTACHMENT_COMPONENT_TYPE
JavaScript warning: http://app1.sfda.gov.cn/datasearch/face3/base.jsp?tableId=34&tableName=TABLE34&title=%D2%A9%C6%B7%C9%FA%B2%FA%C6%F3%D2%B5&bcId=118103348874362715907884020353 line 6 > eval, line 1: Error: WebGL warning: getParameter: pname: invalid enum value UNSIGNED_NORMALIZED
JavaScript warning: http://app1.sfda.gov.cn/datasearch/face3/base.jsp?tableId=34&tableName=TABLE34&title=%D2%A9%C6%B7%C9%FA%B2%FA%C6%F3%D2%B5&bcId=118103348874362715907884020353 line 6 > eval, line 1: Error: WebGL warning: getParameter: pname: invalid enum value SRGB
JavaScript warning: http://app1.sfda.gov.cn/datasearch/face3/base.jsp?tableId=34&tableName=TABLE34&title=%D2%A9%C6%B7%C9%FA%B2%FA%C6%F3%D2%B5&bcId=118103348874362715907884020353 line 6 > eval, line 1: Error: WebGL warning: getParameter: pname: invalid enum value SRGB_ALPHA
JavaScript warning: http://app1.sfda.gov.cn/datasearch/face3/base.jsp?tableId=34&tableName=TABLE34&title=%D2%A9%C6%B7%C9%FA%B2%FA%C6%F3%D2%B5&bcId=118103348874362715907884020353 line 6 > eval, line 1: Error: WebGL warning: getParameter: pname: invalid enum value SRGB8_ALPHA8
JavaScript warning: http://app1.sfda.gov.cn/datasearch/face3/base.jsp?tableId=34&tableName=TABLE34&title=%D2%A9%C6%B7%C9%FA%B2%FA%C6%F3%D2%B5&bcId=118103348874362715907884020353 line 6 > eval, line 1: Error: WebGL warning: getParameter: pname: invalid enum value FRAMEBUFFER_ATTACHMENT_COLOR_ENCODING
JavaScript warning: http://app1.sfda.gov.cn/datasearch/face3/base.jsp?tableId=34&tableName=TABLE34&title=%D2%A9%C6%B7%C9%FA%B2%FA%C6%F3%D2%B5&bcId=118103348874362715907884020353 line 6 > eval, line 1: Error: WebGL warning: getParameter: pname: invalid enum value <enum 0x8dbb>
JavaScript warning: http://app1.sfda.gov.cn/datasearch/face3/base.jsp?tableId=34&tableName=TABLE34&title=%D2%A9%C6%B7%C9%FA%B2%FA%C6%F3%D2%B5&bcId=118103348874362715907884020353 line 6 > eval, line 1: Error: WebGL warning: getParameter: pname: invalid enum value <enum 0x8dbc>
JavaScript warning: http://app1.sfda.gov.cn/datasearch/face3/base.jsp?tableId=34&tableName=TABLE34&title=%D2%A9%C6%B7%C9%FA%B2%FA%C6%F3%D2%B5&bcId=118103348874362715907884020353 line 6 > eval, line 1: Error: WebGL warning: getParameter: pname: invalid enum value <enum 0x8dbd>
JavaScript warning: http://app1.sfda.gov.cn/datasearch/face3/base.jsp?tableId=34&tableName=TABLE34&title=%D2%A9%C6%B7%C9%FA%B2%FA%C6%F3%D2%B5&bcId=118103348874362715907884020353 line 6 > eval, line 1: Error: WebGL warning: getParameter: pname: invalid enum value <enum 0x8dbe>
JavaScript warning: http://app1.sfda.gov.cn/datasearch/face3/base.jsp?tableId=34&tableName=TABLE34&title=%D2%A9%C6%B7%C9%FA%B2%FA%C6%F3%D2%B5&bcId=118103348874362715907884020353 line 6 > eval, line 1: Error: WebGL warning: getParameter: pname: invalid enum value <enum 0x84fe>
JavaScript warning: http://app1.sfda.gov.cn/datasearch/face3/base.jsp?tableId=34&tableName=TABLE34&title=%D2%A9%C6%B7%C9%FA%B2%FA%C6%F3%D2%B5&bcId=118103348874362715907884020353 line 6 > eval, line 1: Error: WebGL warning: getParameter: pname: invalid enum value <enum 0x8d61>
JavaScript warning: http://app1.sfda.gov.cn/datasearch/face3/base.jsp?tableId=34&tableName=TABLE34&title=%D2%A9%C6%B7%C9%FA%B2%FA%C6%F3%D2%B5&bcId=118103348874362715907884020353 line 6 > eval, line 1: Error: WebGL warning: getParameter: pname: invalid enum value RGBA32F
JavaScript warning: http://app1.sfda.gov.cn/datasearch/face3/base.jsp?tableId=34&tableName=TABLE34&title=%D2%A9%C6%B7%C9%FA%B2%FA%C6%F3%D2%B5&bcId=118103348874362715907884020353 line 6 > eval, line 1: Error: WebGL warning: getParameter: pname: invalid enum value RGB32F
JavaScript warning: http://app1.sfda.gov.cn/datasearch/face3/base.jsp?tableId=34&tableName=TABLE34&title=%D2%A9%C6%B7%C9%FA%B2%FA%C6%F3%D2%B5&bcId=118103348874362715907884020353 line 6 > eval, line 1: Error: WebGL warning: getParameter: pname: invalid enum value FRAMEBUFFER_ATTACHMENT_COMPONENT_TYPE
JavaScript warning: http://app1.sfda.gov.cn/datasearch/face3/base.jsp?tableId=34&tableName=TABLE34&title=%D2%A9%C6%B7%C9%FA%B2%FA%C6%F3%D2%B5&bcId=118103348874362715907884020353 line 6 > eval, line 1: Error: WebGL warning: getParameter: pname: invalid enum value UNSIGNED_NORMALIZED
JavaScript warning: http://app1.sfda.gov.cn/datasearch/face3/base.jsp?tableId=34&tableName=TABLE34&title=%D2%A9%C6%B7%C9%FA%B2%FA%C6%F3%D2%B5&bcId=118103348874362715907884020353 line 6 > eval, line 1: Error: WebGL warning: getParameter: pname: invalid enum value COMPRESSED_RGB_S3TC_DXT1_EXT
JavaScript warning: http://app1.sfda.gov.cn/datasearch/face3/base.jsp?tableId=34&tableName=TABLE34&title=%D2%A9%C6%B7%C9%FA%B2%FA%C6%F3%D2%B5&bcId=118103348874362715907884020353 line 6 > eval, line 1: Error: WebGL warning: getParameter: pname: invalid enum value COMPRESSED_RGBA_S3TC_DXT1_EXT
JavaScript warning: http://app1.sfda.gov.cn/datasearch/face3/base.jsp?tableId=34&tableName=TABLE34&title=%D2%A9%C6%B7%C9%FA%B2%FA%C6%F3%D2%B5&bcId=118103348874362715907884020353 line 6 > eval, line 1: Error: WebGL warning: getParameter: pname: invalid enum value COMPRESSED_RGBA_S3TC_DXT3_EXT
JavaScript warning: http://app1.sfda.gov.cn/datasearch/face3/base.jsp?tableId=34&tableName=TABLE34&title=%D2%A9%C6%B7%C9%FA%B2%FA%C6%F3%D2%B5&bcId=118103348874362715907884020353 line 6 > eval, line 1: Error: WebGL warning: getParameter: pname: invalid enum value COMPRESSED_RGBA_S3TC_DXT5_EXT
JavaScript warning: http://app1.sfda.gov.cn/datasearch/face3/base.jsp?tableId=34&tableName=TABLE34&title=%D2%A9%C6%B7%C9%FA%B2%FA%C6%F3%D2%B5&bcId=118103348874362715907884020353 line 6 > eval, line 1: Error: WebGL warning: getParameter: pname: invalid enum value <enum 0x8c4c>
JavaScript warning: http://app1.sfda.gov.cn/datasearch/face3/base.jsp?tableId=34&tableName=TABLE34&title=%D2%A9%C6%B7%C9%FA%B2%FA%C6%F3%D2%B5&bcId=118103348874362715907884020353 line 6 > eval, line 1: Error: WebGL warning: getParameter: pname: invalid enum value <enum 0x8c4d>
JavaScript warning: http://app1.sfda.gov.cn/datasearch/face3/base.jsp?tableId=34&tableName=TABLE34&title=%D2%A9%C6%B7%C9%FA%B2%FA%C6%F3%D2%B5&bcId=118103348874362715907884020353 line 6 > eval, line 1: Error: WebGL warning: getParameter: pname: invalid enum value <enum 0x8c4e>
JavaScript warning: http://app1.sfda.gov.cn/datasearch/face3/base.jsp?tableId=34&tableName=TABLE34&title=%D2%A9%C6%B7%C9%FA%B2%FA%C6%F3%D2%B5&bcId=118103348874362715907884020353 line 6 > eval, line 1: Error: WebGL warning: getParameter: pname: invalid enum value <enum 0x8c4f>
JavaScript warning: http://app1.sfda.gov.cn/datasearch/face3/base.jsp?tableId=34&tableName=TABLE34&title=%D2%A9%C6%B7%C9%FA%B2%FA%C6%F3%D2%B5&bcId=118103348874362715907884020353 line 6 > eval, line 1: Error: WebGL warning: getParameter: pname: invalid enum value UNSIGNED_INT_24_8
JavaScript warning: http://app1.sfda.gov.cn/datasearch/face3/base.jsp?tableId=34&tableName=TABLE34&title=%D2%A9%C6%B7%C9%FA%B2%FA%C6%F3%D2%B5&bcId=118103348874362715907884020353 line 6 > eval, line 1: Error: WebGL warning: getParameter: pname: invalid enum value COLOR_ATTACHMENT0
JavaScript warning: http://app1.sfda.gov.cn/datasearch/face3/base.jsp?tableId=34&tableName=TABLE34&title=%D2%A9%C6%B7%C9%FA%B2%FA%C6%F3%D2%B5&bcId=118103348874362715907884020353 line 6 > eval, line 1: Error: WebGL warning: getParameter: pname: invalid enum value COLOR_ATTACHMENT1
JavaScript warning: http://app1.sfda.gov.cn/datasearch/face3/base.jsp?tableId=34&tableName=TABLE34&title=%D2%A9%C6%B7%C9%FA%B2%FA%C6%F3%D2%B5&bcId=118103348874362715907884020353 line 6 > eval, line 1: Error: WebGL: No further warnings will be reported for this WebGL context. (already reported 32 warnings)
JavaScript warning: http://app1.sfda.gov.cn/datasearch/face3/base.jsp?tableId=34&tableName=TABLE34&title=%D2%A9%C6%B7%C9%FA%B2%FA%C6%F3%D2%B5&bcId=118103348874362715907884020353, line 1: unreachable code after return statement
JavaScript warning: http://app1.sfda.gov.cn/datasearch/face3/base.jsp?tableId=34&tableName=TABLE34&title=%D2%A9%C6%B7%C9%FA%B2%FA%C6%F3%D2%B5&bcId=118103348874362715907884020353 line 38 > eval, line 1: unreachable code after return statement
JavaScript warning: http://app1.sfda.gov.cn/datasearch/face3/base.jsp?tableId=34&tableName=TABLE34&title=%D2%A9%C6%B7%C9%FA%B2%FA%C6%F3%D2%B5&bcId=118103348874362715907884020353 line 38 > eval, line 1: unreachable code after return statement
JavaScript warning: http://app1.sfda.gov.cn/datasearch/face3/base.jsp?tableId=34&tableName=TABLE34&title=%D2%A9%C6%B7%C9%FA%B2%FA%C6%F3%D2%B5&bcId=118103348874362715907884020353 line 38 > eval, line 1: unreachable code after return statement
JavaScript warning: http://app1.sfda.gov.cn/datasearch/face3/base.jsp?tableId=34&tableName=TABLE34&title=%D2%A9%C6%B7%C9%FA%B2%FA%C6%F3%D2%B5&bcId=118103348874362715907884020353, line 1: unreachable code after return statement
JavaScript warning: http://app1.sfda.gov.cn/datasearch/face3/base.jsp?tableId=34&tableName=TABLE34&title=%D2%A9%C6%B7%C9%FA%B2%FA%C6%F3%D2%B5&bcId=118103348874362715907884020353 line 38 > eval, line 1: unreachable code after return statement
JavaScript warning: resource://devtools/server/actors/utils/event-loop.js, line 104: DebuggeeWouldRun: debuggee `http://app1.sfda.gov.cn/datasearch/face3/base.jsp?tableId=34&tableName=TABLE34&title=%D2%A9%C6%B7%C9%FA%B2%FA%C6%F3%D2%B5&bcId=118103348874362715907884020353 line 38 > eval:1' would run
